  자기참조구조체.c
C:\Users\a\Desktop\Moon\덕성여대\덕성2-2\자료구조론\chapter3\자기참조구조체.c(5,2): error C2061: 구문 오류: 식별자 'list'
C:\Users\a\Desktop\Moon\덕성여대\덕성2-2\자료구조론\chapter3\자기참조구조체.c(6,1): error C2059: 구문 오류: '}'
C:\Users\a\Desktop\Moon\덕성여대\덕성2-2\자료구조론\chapter3\자기참조구조체.c(10,7): error C2065: 'list': 선언되지 않은 식별자입니다.
C:\Users\a\Desktop\Moon\덕성여대\덕성2-2\자료구조론\chapter3\자기참조구조체.c(10,7): error C2146: 구문 오류: ';'이(가) 'item1' 식별자 앞에 없습니다.
C:\Users\a\Desktop\Moon\덕성여대\덕성2-2\자료구조론\chapter3\자기참조구조체.c(10,12): error C2065: 'item1': 선언되지 않은 식별자입니다.
C:\Users\a\Desktop\Moon\덕성여대\덕성2-2\자료구조론\chapter3\자기참조구조체.c(10,19): error C2065: 'item2': 선언되지 않은 식별자입니다.
C:\Users\a\Desktop\Moon\덕성여대\덕성2-2\자료구조론\chapter3\자기참조구조체.c(10,26): error C2065: 'item3': 선언되지 않은 식별자입니다.
C:\Users\a\Desktop\Moon\덕성여대\덕성2-2\자료구조론\chapter3\자기참조구조체.c(11,7): error C2065: 'item1': 선언되지 않은 식별자입니다.
C:\Users\a\Desktop\Moon\덕성여대\덕성2-2\자료구조론\chapter3\자기참조구조체.c(11,8): error C2224: '.data' 왼쪽에는 구조체/공용 구조체 형식이 있어야 합니다.
C:\Users\a\Desktop\Moon\덕성여대\덕성2-2\자료구조론\chapter3\자기참조구조체.c(12,7): error C2065: 'item2': 선언되지 않은 식별자입니다.
C:\Users\a\Desktop\Moon\덕성여대\덕성2-2\자료구조론\chapter3\자기참조구조체.c(12,8): error C2224: '.data' 왼쪽에는 구조체/공용 구조체 형식이 있어야 합니다.
C:\Users\a\Desktop\Moon\덕성여대\덕성2-2\자료구조론\chapter3\자기참조구조체.c(13,7): error C2065: 'item3': 선언되지 않은 식별자입니다.
C:\Users\a\Desktop\Moon\덕성여대\덕성2-2\자료구조론\chapter3\자기참조구조체.c(13,8): error C2224: '.data' 왼쪽에는 구조체/공용 구조체 형식이 있어야 합니다.
C:\Users\a\Desktop\Moon\덕성여대\덕성2-2\자료구조론\chapter3\자기참조구조체.c(14,26): error C2065: 'item1': 선언되지 않은 식별자입니다.
C:\Users\a\Desktop\Moon\덕성여대\덕성2-2\자료구조론\chapter3\자기참조구조체.c(14,27): error C2224: '.link' 왼쪽에는 구조체/공용 구조체 형식이 있어야 합니다.
C:\Users\a\Desktop\Moon\덕성여대\덕성2-2\자료구조론\chapter3\자기참조구조체.c(14,38): error C2065: 'item2': 선언되지 않은 식별자입니다.
C:\Users\a\Desktop\Moon\덕성여대\덕성2-2\자료구조론\chapter3\자기참조구조체.c(14,39): error C2224: '.link' 왼쪽에는 구조체/공용 구조체 형식이 있어야 합니다.
C:\Users\a\Desktop\Moon\덕성여대\덕성2-2\자료구조론\chapter3\자기참조구조체.c(14,50): error C2065: 'item3': 선언되지 않은 식별자입니다.
C:\Users\a\Desktop\Moon\덕성여대\덕성2-2\자료구조론\chapter3\자기참조구조체.c(14,51): error C2224: '.link' 왼쪽에는 구조체/공용 구조체 형식이 있어야 합니다.
C:\Users\a\Desktop\Moon\덕성여대\덕성2-2\자료구조론\chapter3\자기참조구조체.c(14,9): warning C4473: 'printf': 서식 문자열에 대한 인수가 충분하게 전달되지 않았습니다.
C:\Users\a\Desktop\Moon\덕성여대\덕성2-2\자료구조론\chapter3\자기참조구조체.c(14,9): message : 자리 표시자 및 해당 매개 변수에는 variadic 인수가 3개 필요하지만 0개가 제공되었습니다.
C:\Users\a\Desktop\Moon\덕성여대\덕성2-2\자료구조론\chapter3\자기참조구조체.c(14,9): message : 누락된 variadic 인수 1이(가) 서식 문자열 '%p'에 필요합니다.
